<?xml version="1.0" encoding="UTF-8"?>
<!-- Generated by org.testng.reporters.JUnitReportReporter -->
<testsuite hostname="DESKTOP-ODJGIG9" name="com.Vtiger_product_testcases.TC_02" tests="1" failures="0" timestamp="25 Feb 2021 06:32:12 GMT" time="39.812" errors="0">
  <testcase name="create_product_without_mandatary" time="39.812" classname="com.Vtiger_product_testcases.TC_02"/>
</testsuite> <!-- com.Vtiger_product_testcases.TC_02 -->
