<?xml version="1.0" encoding="UTF-8"?>
<!-- Generated by org.testng.reporters.JUnitReportReporter -->
<testsuite hostname="DESKTOP-ODJGIG9" name="com.Vtiger_product_testcases.Tc_07" tests="1" failures="0" timestamp="25 Feb 2021 10:20:27 GMT" time="35.129" errors="0">
  <testcase name="more_currencies" time="35.129" classname="com.Vtiger_product_testcases.Tc_07"/>
</testsuite> <!-- com.Vtiger_product_testcases.Tc_07 -->
