<?xml version="1.0" encoding="UTF-8"?>
<!-- Generated by org.testng.reporters.JUnitReportReporter -->
<testsuite hostname="DESKTOP-ODJGIG9" name="com.erp.SMrail.ProductTest.NavigateToPriceTC07" tests="1" failures="0" timestamp="1 Mar 2021 17:01:33 GMT" time="34.469" errors="0">
  <testcase name="NavigateToPrice" time="34.469" classname="com.erp.SMrail.ProductTest.NavigateToPriceTC07"/>
</testsuite> <!-- com.erp.SMrail.ProductTest.NavigateToPriceTC07 -->
