<?xml version="1.0" encoding="UTF-8"?>
<!-- Generated by org.testng.reporters.JUnitReportReporter -->
<testsuite hostname="DESKTOP-ODJGIG9" name="vtiger.Vtiger_testcase2" tests="1" failures="0" timestamp="24 Feb 2021 07:12:25 GMT" time="58.296" errors="0">
  <testcase name="windowpopup" time="58.296" classname="vtiger.Vtiger_testcase2"/>
</testsuite> <!-- vtiger.Vtiger_testcase2 -->
