<?xml version="1.0" encoding="UTF-8"?>
<!-- Generated by org.testng.reporters.JUnitReportReporter -->
<testsuite hostname="DESKTOP-ODJGIG9" name="com.erp.SMrail.ProductTest.NavigateToExistingProduct_Edit" tests="1" failures="0" timestamp="1 Mar 2021 17:00:05 GMT" time="33.268" errors="0">
  <testcase name="NavigateToExistingProduct_Edit" time="33.268" classname="com.erp.SMrail.ProductTest.NavigateToExistingProduct_Edit"/>
</testsuite> <!-- com.erp.SMrail.ProductTest.NavigateToExistingProduct_Edit -->
