<?xml version="1.0" encoding="UTF-8"?>
<!-- Generated by org.testng.reporters.JUnitReportReporter -->
<testsuite hostname="DESKTOP-ODJGIG9" name="vtiger.Test" tests="1" failures="0" timestamp="14 Mar 2021 07:46:22 GMT" time="0.045" errors="0">
  <testcase name="launch" time="0.045" classname="vtiger.Test"/>
</testsuite> <!-- vtiger.Test -->
