<?xml version="1.0" encoding="UTF-8"?>
<!-- Generated by org.testng.reporters.JUnitReportReporter -->
<testsuite hostname="DESKTOP-ODJGIG9" name="com.erp.SMrail.ProductTest.ProductTest" tests="1" failures="0" timestamp="12 Mar 2021 06:50:19 GMT" time="53.522" errors="0">
  <testcase name="ProductTest1" time="53.522" classname="com.erp.SMrail.ProductTest.ProductTest"/>
</testsuite> <!-- com.erp.SMrail.ProductTest.ProductTest -->
