<?xml version="1.0" encoding="UTF-8"?>
<!-- Generated by org.testng.reporters.JUnitReportReporter -->
<testsuite hostname="DESKTOP-ODJGIG9" name="com.Vtiger_product_testcases.TC_08" tests="1" failures="0" timestamp="25 Feb 2021 10:34:30 GMT" time="43.290" errors="0">
  <testcase name="Usage_unit" time="43.290" classname="com.Vtiger_product_testcases.TC_08"/>
</testsuite> <!-- com.Vtiger_product_testcases.TC_08 -->
