<?xml version="1.0" encoding="UTF-8"?>
<!-- Generated by org.testng.reporters.JUnitReportReporter -->
<testsuite hostname="DESKTOP-ODJGIG9" name="vtiger.Read_from_property" tests="1" failures="0" timestamp="24 Feb 2021 08:09:34 GMT" time="16.794" errors="0">
  <testcase name="property" time="16.794" classname="vtiger.Read_from_property"/>
</testsuite> <!-- vtiger.Read_from_property -->
