<?xml version="1.0" encoding="UTF-8"?>
<!-- Generated by org.testng.reporters.JUnitReportReporter -->
<testsuite hostname="DESKTOP-ODJGIG9" name="com.erp.SMrail.ProductTest.NavigateToStockInfoTC08" tests="1" failures="0" timestamp="1 Mar 2021 17:03:36 GMT" time="31.937" errors="0">
  <testcase name="NavigateToStockInfo" time="31.937" classname="com.erp.SMrail.ProductTest.NavigateToStockInfoTC08"/>
</testsuite> <!-- com.erp.SMrail.ProductTest.NavigateToStockInfoTC08 -->
