<?xml version="1.0" encoding="UTF-8"?>
<!-- Generated by org.testng.reporters.JUnitReportReporter -->
<testsuite hostname="DESKTOP-ODJGIG9" name="com.Vtiger_product_testcases.TC_11" tests="1" failures="0" timestamp="25 Feb 2021 12:05:04 GMT" time="39.464" errors="0">
  <testcase name="edit_product" time="39.464" classname="com.Vtiger_product_testcases.TC_11"/>
</testsuite> <!-- com.Vtiger_product_testcases.TC_11 -->
