<?xml version="1.0" encoding="UTF-8"?>
<!-- Generated by org.testng.reporters.JUnitReportReporter -->
<testsuite hostname="DESKTOP-ODJGIG9" name="project1.Demo" tests="1" failures="0" timestamp="22 Feb 2021 13:18:05 GMT" time="0.067" errors="0">
  <testcase name="test1" time="0.067" classname="project1.Demo"/>
</testsuite> <!-- project1.Demo -->
