<?xml version="1.0" encoding="UTF-8"?>
<!-- Generated by org.testng.reporters.JUnitReportReporter -->
<testsuite hostname="DESKTOP-ODJGIG9" name="sdet.Test_data" tests="1" failures="0" timestamp="22 Feb 2021 13:24:18 GMT" time="0.025" errors="0">
  <testcase name="test1" time="0.025" classname="sdet.Test_data"/>
</testsuite> <!-- sdet.Test_data -->
